<?xml version="1.0" encoding="UTF-8"?>
<!-- Generated by org.testng.reporters.JUnitXMLReporter -->
<testsuite hostname="WKWIN1816598" ignored="0" name="Login and Update Profile Test" tests="2" failures="0" timestamp="16 Sep 2019 08:24:59 GMT" time="124.808" errors="0">
  <testcase name="verifySalesForceLogin" time="46.902" classname="com.apas.Tests.LoginTest"/>
  <testcase name="verifySalesForceAccountCreation" time="88.51" classname="com.apas.Tests.AccountsTest"/>
</testsuite> <!-- Login and Update Profile Test -->
