<?xml version="1.0" encoding="UTF-8"?>
<testng-results skipped="0" failed="0" total="1" passed="1">
  <reporter-output>
  </reporter-output>
  <suite name="Default suite" duration-ms="70" started-at="2020-02-05T05:47:49Z" finished-at="2020-02-05T05:47:50Z">
    <groups>
    </groups>
    <test name="Default test" duration-ms="70" started-at="2020-02-05T05:47:49Z" finished-at="2020-02-05T05:47:50Z">
      <class name="com.apas.Tests.SampleClassTest1">
        <test-method status="PASS" signature="testMethod1()[pri:0, instance:com.apas.Tests.SampleClassTest1@56ef9176]" name="testMethod1" duration-ms="23" started-at="2020-02-05T05:47:50Z" finished-at="2020-02-05T05:47:50Z">
          <reporter-output>
          </reporter-output>
        </test-method> <!-- testMethod1 -->
      </class> <!-- com.apas.Tests.SampleClassTest1 -->
    </test> <!-- Default test -->
  </suite> <!-- Default suite -->
</testng-results>
